0 info it worked if it ends with ok
1 verbose cli [ 'C:\\Program Files\\nodejs\\node.exe',
1 verbose cli   'C:\\Program Files\\nodejs\\node_modules\\npm\\bin\\npm-cli.js',
1 verbose cli   'start' ]
2 info using npm@3.10.10
3 info using node@v6.10.1
4 verbose run-script [ 'prestart', 'start', 'poststart' ]
5 info lifecycle Polytron@1.0.0~prestart: Polytron@1.0.0
6 silly lifecycle Polytron@1.0.0~prestart: no script for prestart, continuing
7 info lifecycle Polytron@1.0.0~start: Polytron@1.0.0
8 verbose lifecycle Polytron@1.0.0~start: unsafe-perm in lifecycle true
9 verbose lifecycle Polytron@1.0.0~start: PATH: C:\Program Files\nodejs\node_modules\npm\bin\node-gyp-bin;C:\Users\Cristian Ponce\Documents\GitHub\Polytron\node_modules\.bin;c:\python27\;c:\python27\scripts;c:\programdata\oracle\java\javapath;c:\program files (x86)\intel\icls client\;c:\program files\intel\icls client\;c:\program files (x86)\lenovo\fusionengine;c:\windows\system32;c:\windows;c:\windows\system32\wbem;c:\windows\system32\windowspowershell\v1.0\;c:\program files (x86)\intel\intel(r) management engine components\dal;c:\program files\intel\intel(r) management engine components\dal;c:\program files (x86)\intel\intel(r) management engine components\ipt;c:\program files\intel\intel(r) management engine components\ipt;c:\program files\intel\wifi\bin\;c:\program files\common files\intel\wirelesscommon\;c:\program files (x86)\gtksharp\2.12\bin;c:\program files (x86)\windows kits\10\windows performance toolkit\;c:\windows\system32;c:\windows;c:\windows\system32\wbem;c:\windows\system32\windowspowershell\v1.0\;C:\Program Files (x86)\NVIDIA Corporation\PhysX\Common;C:\Program Files\PuTTY\;C:\Program Files (x86)\Brackets\command;C:\Program Files\nodejs\;C:\Ruby23-x64\bin;C:\Users\Cristian Ponce\AppData\Local\atom\bin;C:\Program Files (x86)\Microsoft VS Code\bin;C:\Program Files\Git\bin;C:\MAMP\bin\php\php5.6.0;C:\Users\Cristian Ponce\AppData\Local\Microsoft\WindowsApps;C:\Users\Cristian Ponce\AppData\Roaming\npm
10 verbose lifecycle Polytron@1.0.0~start: CWD: C:\Users\Cristian Ponce\Documents\GitHub\Polytron
11 silly lifecycle Polytron@1.0.0~start: Args: [ '/d /s /c', 'electron .' ]
12 silly lifecycle Polytron@1.0.0~start: Returned: code: 3221225786  signal: null
13 info lifecycle Polytron@1.0.0~start: Failed to exec start script
14 verbose stack Error: Polytron@1.0.0 start: `electron .`
14 verbose stack Exit status 3221225786
14 verbose stack     at EventEmitter.<anonymous> (C:\Program Files\nodejs\node_modules\npm\lib\utils\lifecycle.js:255:16)
14 verbose stack     at emitTwo (events.js:106:13)
14 verbose stack     at EventEmitter.emit (events.js:191:7)
14 verbose stack     at ChildProcess.<anonymous> (C:\Program Files\nodejs\node_modules\npm\lib\utils\spawn.js:40:14)
14 verbose stack     at emitTwo (events.js:106:13)
14 verbose stack     at ChildProcess.emit (events.js:191:7)
14 verbose stack     at maybeClose (internal/child_process.js:886:16)
14 verbose stack     at Process.ChildProcess._handle.onexit (internal/child_process.js:226:5)
15 verbose pkgid Polytron@1.0.0
16 verbose cwd C:\Users\Cristian Ponce\Documents\GitHub\Polytron
17 error Windows_NT 10.0.14393
18 error argv "C:\\Program Files\\nodejs\\node.exe" "C:\\Program Files\\nodejs\\node_modules\\npm\\bin\\npm-cli.js" "start"
19 error node v6.10.1
20 error npm  v3.10.10
21 error code ELIFECYCLE
22 error Polytron@1.0.0 start: `electron .`
22 error Exit status 3221225786
23 error Failed at the Polytron@1.0.0 start script 'electron .'.
23 error Make sure you have the latest version of node.js and npm installed.
23 error If you do, this is most likely a problem with the Polytron package,
23 error not with npm itself.
23 error Tell the author that this fails on your system:
23 error     electron .
23 error You can get information on how to open an issue for this project with:
23 error     npm bugs Polytron
23 error Or if that isn't available, you can get their info via:
23 error     npm owner ls Polytron
23 error There is likely additional logging output above.
24 verbose exit [ 1, true ]
